github.com/sonatype-nexus-community/nancy
github.com/AndreasBriese/bbloom v0.0.0-20180913140656-343706a395b7
github.com/BurntSushi/toml v0.3.1
github.com/Flaque/filet v0.0.0-20190209224823-fc4d33cfcf93
github.com/Masterminds/semver v0.0.0-20180403130225-3c92f33da7a8
github.com/Masterminds/vcs v1.13.1
github.com/armon/go-radix v1.0.0
github.com/beevik/etree v1.1.0
github.com/boltdb/bolt v1.3.1
github.com/common-nighthawk/go-figure v0.0.0-20190529165535-67e0ed34491a
github.com/davecgh/go-spew v1.1.1
github.com/dgraph-io/badger v1.5.5-0.20181004181505-439fd464b155
github.com/dgryski/go-farm v0.0.0-20180109070241-2de33835d102
github.com/dustin/go-humanize v1.0.0
github.com/dustin/go-humanize v1.0.0
github.com/dustin/go-humanize v1.0.0
gopkg.in/dustin/go-humanize v1.0.0
github.com/golang/dep v0.5.4
github.com/golang/protobuf v1.2.0
github.com/google/go-cmp v0.3.1
github.com/jarcoal/httpmock v1.0.4
github.com/jmank88/nuts v0.3.0
github.com/konsorten/go-windows-terminal-sequences v1.0.1
github.com/logrusorgru/aurora v0.0.0-20190803045625-94edacc10f9b
github.com/nightlyone/lockfile v0.0.0-20180618180623-0ad87eef1443
github.com/package-url/packageurl-go v0.1.0
github.com/pelletier/go-toml v1.4.0
github.com/pkg/errors v0.8.0
github.com/pmezard/go-difflib v1.0.0
github.com/sdboyer/constext v0.0.0-20170321163424-836a14457353
github.com/shopspring/decimal v0.0.0-20180709203117-cd690d0c9e24
github.com/sirupsen/logrus v1.4.2
github.com/spf13/afero v1.2.2
github.com/spf13/afero v1.2.2
github.com/spf13/afero v1.2.2
github.com/stretchr/objx v0.1.1
github.com/stretchr/testify v1.3.0
golang.org/x/net v0.0.0-20181220203305-927f97764cc3
golang.org/x/sync v0.0.0-20181221193216-37e7f081c4d4
golang.org/x/sys v0.0.0-20200302150141-5c8b2ff67527
golang.org/x/text v0.3.0
gopkg.in/check.v1 v0.0.0-20161208181325-20d25e280405
gopkg.in/go-playground/assert.v1 v1.2.1
gopkg.in/yaml.v2 v2.2.2
